Determining if the pthread_create exist failed with the following output:
Change Dir: /home/venkatraman/Desktop/ENPM808/HW/Week4/Week4_TDD_4B/CMakeFiles/CMakeTmp

Run Build Command:"/usr/bin/make" "cmTC_f60c3/fast"
/usr/bin/make -f CMakeFiles/cmTC_f60c3.dir/build.make CMakeFiles/cmTC_f60c3.dir/build
make[1]: Entering directory '/home/venkatraman/Desktop/ENPM808/HW/Week4/Week4_TDD_4B/CMakeFiles/CMakeTmp'
Building C object CMakeFiles/cmTC_f60c3.dir/CheckSymbolExists.c.o
/usr/bin/cc    -g -O0 -fprofile-arcs -ftest-coverage    -o CMakeFiles/cmTC_f60c3.dir/CheckSymbolExists.c.o   -c /home/venkatraman/Desktop/ENPM808/HW/Week4/Week4_TDD_4B/CMakeFiles/CMakeTmp/CheckSymbolExists.c
Linking C executable cmTC_f60c3
/usr/bin/cmake -E cmake_link_script CMakeFiles/cmTC_f60c3.dir/link.txt --verbose=1
/usr/bin/cc  -g -O0 -fprofile-arcs -ftest-coverage     CMakeFiles/cmTC_f60c3.dir/CheckSymbolExists.c.o  -o cmTC_f60c3 -rdynamic 
CMakeFiles/cmTC_f60c3.dir/CheckSymbolExists.c.o: In function `main':
/home/venkatraman/Desktop/ENPM808/HW/Week4/Week4_TDD_4B/CMakeFiles/CMakeTmp/CheckSymbolExists.c:8: undefined reference to `pthread_create'
collect2: error: ld returned 1 exit status
CMakeFiles/cmTC_f60c3.dir/build.make:97: recipe for target 'cmTC_f60c3' failed
make[1]: *** [cmTC_f60c3] Error 1
make[1]: Leaving directory '/home/venkatraman/Desktop/ENPM808/HW/Week4/Week4_TDD_4B/CMakeFiles/CMakeTmp'
Makefile:126: recipe for target 'cmTC_f60c3/fast' failed
make: *** [cmTC_f60c3/fast] Error 2

File /home/venkatraman/Desktop/ENPM808/HW/Week4/Week4_TDD_4B/CMakeFiles/CMakeTmp/CheckSymbolExists.c:
/* */
#include <pthread.h>

int main(int argc, char** argv)
{
  (void)argv;
#ifndef pthread_create
  return ((int*)(&pthread_create))[argc];
#else
  (void)argc;
  return 0;
#endif
}

Determining if the function pthread_create exists in the pthreads failed with the following output:
Change Dir: /home/venkatraman/Desktop/ENPM808/HW/Week4/Week4_TDD_4B/CMakeFiles/CMakeTmp

Run Build Command:"/usr/bin/make" "cmTC_563c7/fast"
/usr/bin/make -f CMakeFiles/cmTC_563c7.dir/build.make CMakeFiles/cmTC_563c7.dir/build
make[1]: Entering directory '/home/venkatraman/Desktop/ENPM808/HW/Week4/Week4_TDD_4B/CMakeFiles/CMakeTmp'
Building C object CMakeFiles/cmTC_563c7.dir/CheckFunctionExists.c.o
/usr/bin/cc    -g -O0 -fprofile-arcs -ftest-coverage -DCHECK_FUNCTION_EXISTS=pthread_create   -o CMakeFiles/cmTC_563c7.dir/CheckFunctionExists.c.o   -c /usr/share/cmake-3.5/Modules/CheckFunctionExists.c
Linking C executable cmTC_563c7
/usr/bin/cmake -E cmake_link_script CMakeFiles/cmTC_563c7.dir/link.txt --verbose=1
/usr/bin/cc  -g -O0 -fprofile-arcs -ftest-coverage -DCHECK_FUNCTION_EXISTS=pthread_create    CMakeFiles/cmTC_563c7.dir/CheckFunctionExists.c.o  -o cmTC_563c7 -rdynamic -lpthreads 
/usr/bin/ld: cannot find -lpthreads
collect2: error: ld returned 1 exit status
CMakeFiles/cmTC_563c7.dir/build.make:97: recipe for target 'cmTC_563c7' failed
make[1]: *** [cmTC_563c7] Error 1
make[1]: Leaving directory '/home/venkatraman/Desktop/ENPM808/HW/Week4/Week4_TDD_4B/CMakeFiles/CMakeTmp'
Makefile:126: recipe for target 'cmTC_563c7/fast' failed
make: *** [cmTC_563c7/fast] Error 2


